
*** Running vivado
    with args -log HDMI_bd_blk_mem_gen_0_0.vds -m64 -product Vivado -mode batch -messageDb vivado.pb -notrace -source HDMI_bd_blk_mem_gen_0_0.tcl


****** Vivado v2018.2.1 (64-bit)
  **** SW Build 2288692 on Thu Jul 26 18:24:02 MDT 2018
  **** IP Build 2289599 on Thu Jul 26 21:09:20 MDT 2018
    ** Copyright 1986-2018 Xilinx, Inc. All Rights Reserved.

source HDMI_bd_blk_mem_gen_0_0.tcl -notrace
Command: synth_design -top HDMI_bd_blk_mem_gen_0_0 -part xc7z020clg400-1 -mode out_of_context
Starting synth_design
Attempting to get a license for feature 'Synthesis' and/or device 'xc7z020'
INFO: [Common 17-349] Got license for feature 'Synthesis' and/or device 'xc7z020'
INFO: Launching helper process for spawning children vivado processes
INFO: Helper process launched with PID 16008 
---------------------------------------------------------------------------------
Starting RTL Elaboration : Time (s): cpu = 00:00:03 ; elapsed = 00:00:04 . Memory (MB): peak = 392.098 ; gain = 96.754
---------------------------------------------------------------------------------
INFO: [Synth 8-638] synthesizing module 'HDMI_bd_blk_mem_gen_0_0' [c:/Users/abgae1/Downloads/ZYBO_HDMI_MGA_2018_2/project_1/project_1.srcs/sources_1/bd/HDMI_bd/ip/HDMI_bd_blk_mem_gen_0_0/synth/HDMI_bd_blk_mem_gen_0_0.vhd:69]
	Parameter C_FAMILY bound to: zynq - type: string 
	Parameter C_XDEVICEFAMILY bound to: zynq - type: string 
	Parameter C_ELABORATION_DIR bound to: ./ - type: string 
	Parameter C_INTERFACE_TYPE bound to: 0 - type: integer 
	Parameter C_AXI_TYPE bound to: 1 - type: integer 
	Parameter C_AXI_SLAVE_TYPE bound to: 0 - type: integer 
	Parameter C_USE_BRAM_BLOCK bound to: 0 - type: integer 
	Parameter C_ENABLE_32BIT_ADDRESS bound to: 0 - type: integer 
	Parameter C_CTRL_ECC_ALGO bound to: NONE - type: string 
	Parameter C_HAS_AXI_ID bound to: 0 - type: integer 
	Parameter C_AXI_ID_WIDTH bound to: 4 - type: integer 
	Parameter C_MEM_TYPE bound to: 0 - type: integer 
	Parameter C_BYTE_SIZE bound to: 9 - type: integer 
	Parameter C_ALGORITHM bound to: 1 - type: integer 
	Parameter C_PRIM_TYPE bound to: 1 - type: integer 
	Parameter C_LOAD_INIT_FILE bound to: 0 - type: integer 
	Parameter C_INIT_FILE_NAME bound to: no_coe_file_loaded - type: string 
	Parameter C_INIT_FILE bound to: NONE - type: string 
	Parameter C_USE_DEFAULT_DATA bound to: 0 - type: integer 
	Parameter C_DEFAULT_DATA bound to: 0 - type: string 
	Parameter C_HAS_RSTA bound to: 0 - type: integer 
	Parameter C_RST_PRIORITY_A bound to: CE - type: string 
	Parameter C_RSTRAM_A bound to: 0 - type: integer 
	Parameter C_INITA_VAL bound to: 0 - type: string 
	Parameter C_HAS_ENA bound to: 0 - type: integer 
	Parameter C_HAS_REGCEA bound to: 0 - type: integer 
	Parameter C_USE_BYTE_WEA bound to: 0 - type: integer 
	Parameter C_WEA_WIDTH bound to: 1 - type: integer 
	Parameter C_WRITE_MODE_A bound to: WRITE_FIRST - type: string 
	Parameter C_WRITE_WIDTH_A bound to: 24 - type: integer 
	Parameter C_READ_WIDTH_A bound to: 24 - type: integer 
	Parameter C_WRITE_DEPTH_A bound to: 190000 - type: integer 
	Parameter C_READ_DEPTH_A bound to: 190000 - type: integer 
	Parameter C_ADDRA_WIDTH bound to: 18 - type: integer 
	Parameter C_HAS_RSTB bound to: 0 - type: integer 
	Parameter C_RST_PRIORITY_B bound to: CE - type: string 
	Parameter C_RSTRAM_B bound to: 0 - type: integer 
	Parameter C_INITB_VAL bound to: 0 - type: string 
	Parameter C_HAS_ENB bound to: 0 - type: integer 
	Parameter C_HAS_REGCEB bound to: 0 - type: integer 
	Parameter C_USE_BYTE_WEB bound to: 0 - type: integer 
	Parameter C_WEB_WIDTH bound to: 1 - type: integer 
	Parameter C_WRITE_MODE_B bound to: WRITE_FIRST - type: string 
	Parameter C_WRITE_WIDTH_B bound to: 24 - type: integer 
	Parameter C_READ_WIDTH_B bound to: 24 - type: integer 
	Parameter C_WRITE_DEPTH_B bound to: 190000 - type: integer 
	Parameter C_READ_DEPTH_B bound to: 190000 - type: integer 
	Parameter C_ADDRB_WIDTH bound to: 18 - type: integer 
	Parameter C_HAS_MEM_OUTPUT_REGS_A bound to: 1 - type: integer 
	Parameter C_HAS_MEM_OUTPUT_REGS_B bound to: 0 - type: integer 
	Parameter C_HAS_MUX_OUTPUT_REGS_A bound to: 0 - type: integer 
	Parameter C_HAS_MUX_OUTPUT_REGS_B bound to: 0 - type: integer 
	Parameter C_MUX_PIPELINE_STAGES bound to: 0 - type: integer 
	Parameter C_HAS_SOFTECC_INPUT_REGS_A bound to: 0 - type: integer 
	Parameter C_HAS_SOFTECC_OUTPUT_REGS_B bound to: 0 - type: integer 
	Parameter C_USE_SOFTECC bound to: 0 - type: integer 
	Parameter C_USE_ECC bound to: 0 - type: integer 
	Parameter C_EN_ECC_PIPE bound to: 0 - type: integer 
	Parameter C_HAS_INJECTERR bound to: 0 - type: integer 
	Parameter C_SIM_COLLISION_CHECK bound to: ALL - type: string 
	Parameter C_COMMON_CLK bound to: 0 - type: integer 
	Parameter C_DISABLE_WARN_BHV_COLL bound to: 0 - type: integer 
	Parameter C_EN_SLEEP_PIN bound to: 0 - type: integer 
	Parameter C_USE_URAM bound to: 0 - type: integer 
	Parameter C_EN_RDADDRA_CHG bound to: 0 - type: integer 
	Parameter C_EN_RDADDRB_CHG bound to: 0 - type: integer 
	Parameter C_EN_DEEPSLEEP_PIN bound to: 0 - type: integer 
	Parameter C_EN_SHUTDOWN_PIN bound to: 0 - type: integer 
	Parameter C_EN_SAFETY_CKT bound to: 0 - type: integer 
	Parameter C_DISABLE_WARN_BHV_RANGE bound to: 0 - type: integer 
	Parameter C_COUNT_36K_BRAM bound to: 125 - type: string 
	Parameter C_COUNT_18K_BRAM bound to: 7 - type: string 
	Parameter C_EST_POWER_SUMMARY bound to: Estimated Power for IP     :     18.347132 mW - type: string 
INFO: [Synth 8-3491] module 'blk_mem_gen_v8_4_1' declared at 'c:/Users/abgae1/Downloads/ZYBO_HDMI_MGA_2018_2/project_1/project_1.srcs/sources_1/bd/HDMI_bd/ipshared/67d8/hdl/blk_mem_gen_v8_4_vhsyn_rfs.vhd:195313' bound to instance 'U0' of component 'blk_mem_gen_v8_4_1' [c:/Users/abgae1/Downloads/ZYBO_HDMI_MGA_2018_2/project_1/project_1.srcs/sources_1/bd/HDMI_bd/ip/HDMI_bd_blk_mem_gen_0_0/synth/HDMI_bd_blk_mem_gen_0_0.vhd:232]
INFO: [Synth 8-256] done synthesizing module 'HDMI_bd_blk_mem_gen_0_0' (11#1) [c:/Users/abgae1/Downloads/ZYBO_HDMI_MGA_2018_2/project_1/project_1.srcs/sources_1/bd/HDMI_bd/ip/HDMI_bd_blk_mem_gen_0_0/synth/HDMI_bd_blk_mem_gen_0_0.vhd:69]
WARNING: [Synth 8-3331] design blk_mem_gen_mux__parameterized0 has unconnected port MUX_RST[0]
WARNING: [Synth 8-3331] design blk_mem_gen_mux__parameterized0 has unconnected port MEM_LAT_RST
WARNING: [Synth 8-3331] design blk_mem_gen_mux__parameterized0 has unconnected port MEM_REG_RST
WARNING: [Synth 8-3331] design blk_mem_gen_mux__parameterized0 has unconnected port MUX_REGCE[0]
WARNING: [Synth 8-3331] design blk_mem_gen_mux__parameterized0 has unconnected port MEM_REGCE
WARNING: [Synth 8-3331] design blk_mem_gen_mux__parameterized0 has unconnected port WE
WARNING: [Synth 8-3331] design blk_mem_gen_mux__parameterized0 has unconnected port ADDR_IN[17]
WARNING: [Synth 8-3331] design blk_mem_gen_mux__parameterized0 has unconnected port ADDR_IN[16]
WARNING: [Synth 8-3331] design blk_mem_gen_mux__parameterized0 has unconnected port ADDR_IN[15]
WARNING: [Synth 8-3331] design blk_mem_gen_mux__parameterized0 has unconnected port ADDR_IN[14]
WARNING: [Synth 8-3331] design blk_mem_gen_mux__parameterized0 has unconnected port ADDR_IN[13]
WARNING: [Synth 8-3331] design blk_mem_gen_mux__parameterized0 has unconnected port ADDR_IN[12]
WARNING: [Synth 8-3331] design blk_mem_gen_mux__parameterized0 has unconnected port ADDR_IN[11]
WARNING: [Synth 8-3331] design blk_mem_gen_mux__parameterized0 has unconnected port ADDR_IN[10]
WARNING: [Synth 8-3331] design blk_mem_gen_mux__parameterized0 has unconnected port ADDR_IN[9]
WARNING: [Synth 8-3331] design blk_mem_gen_mux__parameterized0 has unconnected port ADDR_IN[8]
WARNING: [Synth 8-3331] design blk_mem_gen_mux__parameterized0 has unconnected port ADDR_IN[7]
WARNING: [Synth 8-3331] design blk_mem_gen_mux__parameterized0 has unconnected port ADDR_IN[6]
WARNING: [Synth 8-3331] design blk_mem_gen_mux__parameterized0 has unconnected port ADDR_IN[5]
WARNING: [Synth 8-3331] design blk_mem_gen_mux__parameterized0 has unconnected port ADDR_IN[4]
WARNING: [Synth 8-3331] design blk_mem_gen_mux__parameterized0 has unconnected port ADDR_IN[3]
WARNING: [Synth 8-3331] design blk_mem_gen_mux__parameterized0 has unconnected port ADDR_IN[2]
WARNING: [Synth 8-3331] design blk_mem_gen_mux__parameterized0 has unconnected port ADDR_IN[1]
WARNING: [Synth 8-3331] design blk_mem_gen_mux__parameterized0 has unconnected port ADDR_IN[0]
WARNING: [Synth 8-3331] design blk_mem_gen_mux__parameterized0 has unconnected port SBITERRIN[3071]
WARNING: [Synth 8-3331] design blk_mem_gen_mux__parameterized0 has unconnected port SBITERRIN[3070]
WARNING: [Synth 8-3331] design blk_mem_gen_mux__parameterized0 has unconnected port SBITERRIN[3069]
WARNING: [Synth 8-3331] design blk_mem_gen_mux__parameterized0 has unconnected port SBITERRIN[3068]
WARNING: [Synth 8-3331] design blk_mem_gen_mux__parameterized0 has unconnected port SBITERRIN[3067]
WARNING: [Synth 8-3331] design blk_mem_gen_mux__parameterized0 has unconnected port SBITERRIN[3066]
WARNING: [Synth 8-3331] design blk_mem_gen_mux__parameterized0 has unconnected port SBITERRIN[3065]
WARNING: [Synth 8-3331] design blk_mem_gen_mux__parameterized0 has unconnected port SBITERRIN[3064]
WARNING: [Synth 8-3331] design blk_mem_gen_mux__parameterized0 has unconnected port SBITERRIN[3063]
WARNING: [Synth 8-3331] design blk_mem_gen_mux__parameterized0 has unconnected port SBITERRIN[3062]
WARNING: [Synth 8-3331] design blk_mem_gen_mux__parameterized0 has unconnected port SBITERRIN[3061]
WARNING: [Synth 8-3331] design blk_mem_gen_mux__parameterized0 has unconnected port SBITERRIN[3060]
WARNING: [Synth 8-3331] design blk_mem_gen_mux__parameterized0 has unconnected port SBITERRIN[3059]
WARNING: [Synth 8-3331] design blk_mem_gen_mux__parameterized0 has unconnected port SBITERRIN[3058]
WARNING: [Synth 8-3331] design blk_mem_gen_mux__parameterized0 has unconnected port SBITERRIN[3057]
WARNING: [Synth 8-3331] design blk_mem_gen_mux__parameterized0 has unconnected port SBITERRIN[3056]
WARNING: [Synth 8-3331] design blk_mem_gen_mux__parameterized0 has unconnected port SBITERRIN[3055]
WARNING: [Synth 8-3331] design blk_mem_gen_mux__parameterized0 has unconnected port SBITERRIN[3054]
WARNING: [Synth 8-3331] design blk_mem_gen_mux__parameterized0 has unconnected port SBITERRIN[3053]
WARNING: [Synth 8-3331] design blk_mem_gen_mux__parameterized0 has unconnected port SBITERRIN[3052]
WARNING: [Synth 8-3331] design blk_mem_gen_mux__parameterized0 has unconnected port SBITERRIN[3051]
WARNING: [Synth 8-3331] design blk_mem_gen_mux__parameterized0 has unconnected port SBITERRIN[3050]
WARNING: [Synth 8-3331] design blk_mem_gen_mux__parameterized0 has unconnected port SBITERRIN[3049]
WARNING: [Synth 8-3331] design blk_mem_gen_mux__parameterized0 has unconnected port SBITERRIN[3048]
WARNING: [Synth 8-3331] design blk_mem_gen_mux__parameterized0 has unconnected port SBITERRIN[3047]
WARNING: [Synth 8-3331] design blk_mem_gen_mux__parameterized0 has unconnected port SBITERRIN[3046]
WARNING: [Synth 8-3331] design blk_mem_gen_mux__parameterized0 has unconnected port SBITERRIN[3045]
WARNING: [Synth 8-3331] design blk_mem_gen_mux__parameterized0 has unconnected port SBITERRIN[3044]
WARNING: [Synth 8-3331] design blk_mem_gen_mux__parameterized0 has unconnected port SBITERRIN[3043]
WARNING: [Synth 8-3331] design blk_mem_gen_mux__parameterized0 has unconnected port SBITERRIN[3042]
WARNING: [Synth 8-3331] design blk_mem_gen_mux__parameterized0 has unconnected port SBITERRIN[3041]
WARNING: [Synth 8-3331] design blk_mem_gen_mux__parameterized0 has unconnected port SBITERRIN[3040]
WARNING: [Synth 8-3331] design blk_mem_gen_mux__parameterized0 has unconnected port SBITERRIN[3039]
WARNING: [Synth 8-3331] design blk_mem_gen_mux__parameterized0 has unconnected port SBITERRIN[3038]
WARNING: [Synth 8-3331] design blk_mem_gen_mux__parameterized0 has unconnected port SBITERRIN[3037]
WARNING: [Synth 8-3331] design blk_mem_gen_mux__parameterized0 has unconnected port SBITERRIN[3036]
WARNING: [Synth 8-3331] design blk_mem_gen_mux__parameterized0 has unconnected port SBITERRIN[3035]
WARNING: [Synth 8-3331] design blk_mem_gen_mux__parameterized0 has unconnected port SBITERRIN[3034]
WARNING: [Synth 8-3331] design blk_mem_gen_mux__parameterized0 has unconnected port SBITERRIN[3033]
WARNING: [Synth 8-3331] design blk_mem_gen_mux__parameterized0 has unconnected port SBITERRIN[3032]
WARNING: [Synth 8-3331] design blk_mem_gen_mux__parameterized0 has unconnected port SBITERRIN[3031]
WARNING: [Synth 8-3331] design blk_mem_gen_mux__parameterized0 has unconnected port SBITERRIN[3030]
WARNING: [Synth 8-3331] design blk_mem_gen_mux__parameterized0 has unconnected port SBITERRIN[3029]
WARNING: [Synth 8-3331] design blk_mem_gen_mux__parameterized0 has unconnected port SBITERRIN[3028]
WARNING: [Synth 8-3331] design blk_mem_gen_mux__parameterized0 has unconnected port SBITERRIN[3027]
WARNING: [Synth 8-3331] design blk_mem_gen_mux__parameterized0 has unconnected port SBITERRIN[3026]
WARNING: [Synth 8-3331] design blk_mem_gen_mux__parameterized0 has unconnected port SBITERRIN[3025]
WARNING: [Synth 8-3331] design blk_mem_gen_mux__parameterized0 has unconnected port SBITERRIN[3024]
WARNING: [Synth 8-3331] design blk_mem_gen_mux__parameterized0 has unconnected port SBITERRIN[3023]
WARNING: [Synth 8-3331] design blk_mem_gen_mux__parameterized0 has unconnected port SBITERRIN[3022]
WARNING: [Synth 8-3331] design blk_mem_gen_mux__parameterized0 has unconnected port SBITERRIN[3021]
WARNING: [Synth 8-3331] design blk_mem_gen_mux__parameterized0 has unconnected port SBITERRIN[3020]
WARNING: [Synth 8-3331] design blk_mem_gen_mux__parameterized0 has unconnected port SBITERRIN[3019]
WARNING: [Synth 8-3331] design blk_mem_gen_mux__parameterized0 has unconnected port SBITERRIN[3018]
WARNING: [Synth 8-3331] design blk_mem_gen_mux__parameterized0 has unconnected port SBITERRIN[3017]
WARNING: [Synth 8-3331] design blk_mem_gen_mux__parameterized0 has unconnected port SBITERRIN[3016]
WARNING: [Synth 8-3331] design blk_mem_gen_mux__parameterized0 has unconnected port SBITERRIN[3015]
WARNING: [Synth 8-3331] design blk_mem_gen_mux__parameterized0 has unconnected port SBITERRIN[3014]
WARNING: [Synth 8-3331] design blk_mem_gen_mux__parameterized0 has unconnected port SBITERRIN[3013]
WARNING: [Synth 8-3331] design blk_mem_gen_mux__parameterized0 has unconnected port SBITERRIN[3012]
WARNING: [Synth 8-3331] design blk_mem_gen_mux__parameterized0 has unconnected port SBITERRIN[3011]
WARNING: [Synth 8-3331] design blk_mem_gen_mux__parameterized0 has unconnected port SBITERRIN[3010]
WARNING: [Synth 8-3331] design blk_mem_gen_mux__parameterized0 has unconnected port SBITERRIN[3009]
WARNING: [Synth 8-3331] design blk_mem_gen_mux__parameterized0 has unconnected port SBITERRIN[3008]
WARNING: [Synth 8-3331] design blk_mem_gen_mux__parameterized0 has unconnected port SBITERRIN[3007]
WARNING: [Synth 8-3331] design blk_mem_gen_mux__parameterized0 has unconnected port SBITERRIN[3006]
WARNING: [Synth 8-3331] design blk_mem_gen_mux__parameterized0 has unconnected port SBITERRIN[3005]
WARNING: [Synth 8-3331] design blk_mem_gen_mux__parameterized0 has unconnected port SBITERRIN[3004]
WARNING: [Synth 8-3331] design blk_mem_gen_mux__parameterized0 has unconnected port SBITERRIN[3003]
WARNING: [Synth 8-3331] design blk_mem_gen_mux__parameterized0 has unconnected port SBITERRIN[3002]
WARNING: [Synth 8-3331] design blk_mem_gen_mux__parameterized0 has unconnected port SBITERRIN[3001]
WARNING: [Synth 8-3331] design blk_mem_gen_mux__parameterized0 has unconnected port SBITERRIN[3000]
WARNING: [Synth 8-3331] design blk_mem_gen_mux__parameterized0 has unconnected port SBITERRIN[2999]
WARNING: [Synth 8-3331] design blk_mem_gen_mux__parameterized0 has unconnected port SBITERRIN[2998]
WARNING: [Synth 8-3331] design blk_mem_gen_mux__parameterized0 has unconnected port SBITERRIN[2997]
WARNING: [Synth 8-3331] design blk_mem_gen_mux__parameterized0 has unconnected port SBITERRIN[2996]
INFO: [Common 17-14] Message 'Synth 8-3331' appears 100 times and further instances of the messages will be disabled. Use the Tcl command set_msg_config to change the current settings.
---------------------------------------------------------------------------------
Finished RTL Elaboration : Time (s): cpu = 00:01:46 ; elapsed = 00:01:48 . Memory (MB): peak = 888.879 ; gain = 593.535
---------------------------------------------------------------------------------

Report Check Netlist: 
+------+------------------+-------+---------+-------+------------------+
|      |Item              |Errors |Warnings |Status |Description       |
+------+------------------+-------+---------+-------+------------------+
|1     |multi_driven_nets |      0|        0|Passed |Multi driven nets |
+------+------------------+-------+---------+-------+------------------+
---------------------------------------------------------------------------------
Start Handling Custom Attributes
---------------------------------------------------------------------------------
---------------------------------------------------------------------------------
Finished Handling Custom Attributes : Time (s): cpu = 00:01:46 ; elapsed = 00:01:48 . Memory (MB): peak = 888.879 ; gain = 593.535
---------------------------------------------------------------------------------
---------------------------------------------------------------------------------
Finished RTL Optimization Phase 1 : Time (s): cpu = 00:01:46 ; elapsed = 00:01:48 . Memory (MB): peak = 888.879 ; gain = 593.535
---------------------------------------------------------------------------------
INFO: [Netlist 29-17] Analyzing 132 Unisim elements for replacement
INFO: [Netlist 29-28] Unisim Transformation completed in 0 CPU seconds
INFO: [Device 21-403] Loading part xc7z020clg400-1
INFO: [Project 1-570] Preparing netlist for logic optimization

Processing XDC Constraints
Initializing timing engine
Parsing XDC File [c:/Users/abgae1/Downloads/ZYBO_HDMI_MGA_2018_2/project_1/project_1.srcs/sources_1/bd/HDMI_bd/ip/HDMI_bd_blk_mem_gen_0_0/HDMI_bd_blk_mem_gen_0_0_ooc.xdc] for cell 'U0'
Finished Parsing XDC File [c:/Users/abgae1/Downloads/ZYBO_HDMI_MGA_2018_2/project_1/project_1.srcs/sources_1/bd/HDMI_bd/ip/HDMI_bd_blk_mem_gen_0_0/HDMI_bd_blk_mem_gen_0_0_ooc.xdc] for cell 'U0'
Parsing XDC File [C:/Users/abgae1/Downloads/ZYBO_HDMI_MGA_2018_2/project_1/project_1.runs/HDMI_bd_blk_mem_gen_0_0_synth_1/dont_touch.xdc]
Finished Parsing XDC File [C:/Users/abgae1/Downloads/ZYBO_HDMI_MGA_2018_2/project_1/project_1.runs/HDMI_bd_blk_mem_gen_0_0_synth_1/dont_touch.xdc]
Completed Processing XDC Constraints

INFO: [Project 1-111] Unisim Transformation Summary:
No Unisim elements were transformed.

Constraint Validation Runtime : Time (s): cpu = 00:00:00 ; elapsed = 00:00:00.020 . Memory (MB): peak = 914.926 ; gain = 1.516
---------------------------------------------------------------------------------
Finished Constraint Validation : Time (s): cpu = 00:01:52 ; elapsed = 00:01:56 . Memory (MB): peak = 914.926 ; gain = 619.582
---------------------------------------------------------------------------------
---------------------------------------------------------------------------------
Start Loading Part and Timing Information
---------------------------------------------------------------------------------
Loading part: xc7z020clg400-1
---------------------------------------------------------------------------------
Finished Loading Part and Timing Information : Time (s): cpu = 00:01:52 ; elapsed = 00:01:56 . Memory (MB): peak = 914.926 ; gain = 619.582
---------------------------------------------------------------------------------
---------------------------------------------------------------------------------
Start Applying 'set_property' XDC Constraints
---------------------------------------------------------------------------------
Applied set_property DONT_TOUCH = true for U0. (constraint file  C:/Users/abgae1/Downloads/ZYBO_HDMI_MGA_2018_2/project_1/project_1.runs/HDMI_bd_blk_mem_gen_0_0_synth_1/dont_touch.xdc, line 9).
---------------------------------------------------------------------------------
Finished applying 'set_property' XDC Constraints : Time (s): cpu = 00:01:52 ; elapsed = 00:01:56 . Memory (MB): peak = 914.926 ; gain = 619.582
---------------------------------------------------------------------------------
---------------------------------------------------------------------------------
Finished RTL Optimization Phase 2 : Time (s): cpu = 00:01:55 ; elapsed = 00:01:59 . Memory (MB): peak = 914.926 ; gain = 619.582
---------------------------------------------------------------------------------

Report RTL Partitions: 
+-+--------------+------------+----------+
| |RTL Partition |Replication |Instances |
+-+--------------+------------+----------+
+-+--------------+------------+----------+
---------------------------------------------------------------------------------
Start RTL Component Statistics 
---------------------------------------------------------------------------------
Detailed RTL Component Info : 
+---Registers : 
	               18 Bit    Registers := 1     
	                7 Bit    Registers := 3     
+---Muxes : 
	   2 Input      1 Bit        Muxes := 257   
---------------------------------------------------------------------------------
Finished RTL Component Statistics 
---------------------------------------------------------------------------------
---------------------------------------------------------------------------------
Start RTL Hierarchical Component Statistics 
---------------------------------------------------------------------------------
Hierarchical RTL Component report 
Module bindec 
Detailed RTL Component Info : 
+---Muxes : 
	   2 Input      1 Bit        Muxes := 128   
Module blk_mem_gen_mux 
Detailed RTL Component Info : 
+---Registers : 
	               18 Bit    Registers := 1     
	                7 Bit    Registers := 2     
+---Muxes : 
	   2 Input      1 Bit        Muxes := 1     
Module blk_mem_gen_mux__parameterized0 
Detailed RTL Component Info : 
+---Registers : 
	                7 Bit    Registers := 1     
---------------------------------------------------------------------------------
Finished RTL Hierarchical Component Statistics
---------------------------------------------------------------------------------
---------------------------------------------------------------------------------
Start Part Resource Summary
---------------------------------------------------------------------------------
Part Resources:
DSPs: 220 (col length:60)
BRAMs: 280 (col length: RAMB18 60 RAMB36 30)
---------------------------------------------------------------------------------
Finished Part Resource Summary
---------------------------------------------------------------------------------
---------------------------------------------------------------------------------
Start Cross Boundary and Area Optimization
---------------------------------------------------------------------------------
Warning: Parallel synthesis criteria is not met 
INFO: [Synth 8-3332] Sequential element (inst_blk_mem_gen/gnbram.gnativebmg.native_blk_mem_gen/valid.cstr/has_mux_b.B/no_softecc_sel_reg.ce_pri.sel_pipe_reg[6]) is unused and will be removed from module blk_mem_gen_v8_4_1.
INFO: [Synth 8-3332] Sequential element (inst_blk_mem_gen/gnbram.gnativebmg.native_blk_mem_gen/valid.cstr/has_mux_b.B/no_softecc_sel_reg.ce_pri.sel_pipe_reg[5]) is unused and will be removed from module blk_mem_gen_v8_4_1.
INFO: [Synth 8-3332] Sequential element (inst_blk_mem_gen/gnbram.gnativebmg.native_blk_mem_gen/valid.cstr/has_mux_b.B/no_softecc_sel_reg.ce_pri.sel_pipe_reg[4]) is unused and will be removed from module blk_mem_gen_v8_4_1.
INFO: [Synth 8-3332] Sequential element (inst_blk_mem_gen/gnbram.gnativebmg.native_blk_mem_gen/valid.cstr/has_mux_b.B/no_softecc_sel_reg.ce_pri.sel_pipe_reg[3]) is unused and will be removed from module blk_mem_gen_v8_4_1.
INFO: [Synth 8-3332] Sequential element (inst_blk_mem_gen/gnbram.gnativebmg.native_blk_mem_gen/valid.cstr/has_mux_b.B/no_softecc_sel_reg.ce_pri.sel_pipe_reg[2]) is unused and will be removed from module blk_mem_gen_v8_4_1.
INFO: [Synth 8-3332] Sequential element (inst_blk_mem_gen/gnbram.gnativebmg.native_blk_mem_gen/valid.cstr/has_mux_b.B/no_softecc_sel_reg.ce_pri.sel_pipe_reg[1]) is unused and will be removed from module blk_mem_gen_v8_4_1.
INFO: [Synth 8-3332] Sequential element (inst_blk_mem_gen/gnbram.gnativebmg.native_blk_mem_gen/valid.cstr/has_mux_b.B/no_softecc_sel_reg.ce_pri.sel_pipe_reg[0]) is unused and will be removed from module blk_mem_gen_v8_4_1.
---------------------------------------------------------------------------------
Finished Cross Boundary and Area Optimization : Time (s): cpu = 00:01:57 ; elapsed = 00:02:01 . Memory (MB): peak = 914.926 ; gain = 619.582
---------------------------------------------------------------------------------

Report RTL Partitions: 
+-+--------------+------------+----------+
| |RTL Partition |Replication |Instances |
+-+--------------+------------+----------+
+-+--------------+------------+----------+
---------------------------------------------------------------------------------
Start Applying XDC Timing Constraints
---------------------------------------------------------------------------------
---------------------------------------------------------------------------------
Finished Applying XDC Timing Constraints : Time (s): cpu = 00:02:00 ; elapsed = 00:02:05 . Memory (MB): peak = 914.926 ; gain = 619.582
---------------------------------------------------------------------------------
---------------------------------------------------------------------------------
Start Timing Optimization
---------------------------------------------------------------------------------
---------------------------------------------------------------------------------
Finished Timing Optimization : Time (s): cpu = 00:02:00 ; elapsed = 00:02:05 . Memory (MB): peak = 914.926 ; gain = 619.582
---------------------------------------------------------------------------------

Report RTL Partitions: 
+-+--------------+------------+----------+
| |RTL Partition |Replication |Instances |
+-+--------------+------------+----------+
+-+--------------+------------+----------+
---------------------------------------------------------------------------------
Start Technology Mapping
---------------------------------------------------------------------------------
---------------------------------------------------------------------------------
Finished Technology Mapping : Time (s): cpu = 00:02:01 ; elapsed = 00:02:06 . Memory (MB): peak = 914.926 ; gain = 619.582
---------------------------------------------------------------------------------

Report RTL Partitions: 
+-+--------------+------------+----------+
| |RTL Partition |Replication |Instances |
+-+--------------+------------+----------+
+-+--------------+------------+----------+
---------------------------------------------------------------------------------
Start IO Insertion
---------------------------------------------------------------------------------
---------------------------------------------------------------------------------
Start Flattening Before IO Insertion
---------------------------------------------------------------------------------
---------------------------------------------------------------------------------
Finished Flattening Before IO Insertion
---------------------------------------------------------------------------------
---------------------------------------------------------------------------------
Start Final Netlist Cleanup
---------------------------------------------------------------------------------
---------------------------------------------------------------------------------
Finished Final Netlist Cleanup
---------------------------------------------------------------------------------
---------------------------------------------------------------------------------
Finished IO Insertion : Time (s): cpu = 00:02:01 ; elapsed = 00:02:06 . Memory (MB): peak = 914.926 ; gain = 619.582
---------------------------------------------------------------------------------

Report Check Netlist: 
+------+------------------+-------+---------+-------+------------------+
|      |Item              |Errors |Warnings |Status |Description       |
+------+------------------+-------+---------+-------+------------------+
|1     |multi_driven_nets |      0|        0|Passed |Multi driven nets |
+------+------------------+-------+---------+-------+------------------+
---------------------------------------------------------------------------------
Start Renaming Generated Instances
---------------------------------------------------------------------------------
---------------------------------------------------------------------------------
Finished Renaming Generated Instances : Time (s): cpu = 00:02:01 ; elapsed = 00:02:06 . Memory (MB): peak = 914.926 ; gain = 619.582
---------------------------------------------------------------------------------

Report RTL Partitions: 
+-+--------------+------------+----------+
| |RTL Partition |Replication |Instances |
+-+--------------+------------+----------+
+-+--------------+------------+----------+
---------------------------------------------------------------------------------
Start Rebuilding User Hierarchy
---------------------------------------------------------------------------------
---------------------------------------------------------------------------------
Finished Rebuilding User Hierarchy : Time (s): cpu = 00:02:01 ; elapsed = 00:02:06 . Memory (MB): peak = 914.926 ; gain = 619.582
---------------------------------------------------------------------------------
---------------------------------------------------------------------------------
Start Renaming Generated Ports
---------------------------------------------------------------------------------
---------------------------------------------------------------------------------
Finished Renaming Generated Ports : Time (s): cpu = 00:02:01 ; elapsed = 00:02:06 . Memory (MB): peak = 914.926 ; gain = 619.582
---------------------------------------------------------------------------------
---------------------------------------------------------------------------------
Start Handling Custom Attributes
---------------------------------------------------------------------------------
---------------------------------------------------------------------------------
Finished Handling Custom Attributes : Time (s): cpu = 00:02:01 ; elapsed = 00:02:06 . Memory (MB): peak = 914.926 ; gain = 619.582
---------------------------------------------------------------------------------
---------------------------------------------------------------------------------
Start Renaming Generated Nets
---------------------------------------------------------------------------------
---------------------------------------------------------------------------------
Finished Renaming Generated Nets : Time (s): cpu = 00:02:01 ; elapsed = 00:02:06 . Memory (MB): peak = 914.926 ; gain = 619.582
---------------------------------------------------------------------------------
---------------------------------------------------------------------------------
Start Writing Synthesis Report
---------------------------------------------------------------------------------

Report BlackBoxes: 
+-+--------------+----------+
| |BlackBox name |Instances |
+-+--------------+----------+
+-+--------------+----------+

Report Cell Usage: 
+------+-----------+------+
|      |Cell       |Count |
+------+-----------+------+
|1     |LUT2       |     4|
|2     |LUT3       |     5|
|3     |LUT4       |     1|
|4     |LUT5       |    21|
|5     |LUT6       |   271|
|6     |MUXF7      |   108|
|7     |MUXF8      |    54|
|8     |RAMB18E1   |     4|
|9     |RAMB18E1_1 |     2|
|10    |RAMB18E1_2 |     1|
|11    |RAMB36E1   |    14|
|12    |RAMB36E1_1 |    14|
|13    |RAMB36E1_2 |     4|
|14    |RAMB36E1_3 |    92|
|15    |RAMB36E1_4 |     1|
|16    |FDRE       |    16|
+------+-----------+------+

Report Instance Areas: 
+------+---------------------------------------------+-------------------------------------------+------+
|      |Instance                                     |Module                                     |Cells |
+------+---------------------------------------------+-------------------------------------------+------+
|1     |top                                          |                                           |   612|
|2     |  U0                                         |blk_mem_gen_v8_4_1                         |   612|
|3     |    inst_blk_mem_gen                         |blk_mem_gen_v8_4_1_synth                   |   612|
|4     |      \gnbram.gnativebmg.native_blk_mem_gen  |blk_mem_gen_top                            |   612|
|5     |        \valid.cstr                          |blk_mem_gen_generic_cstr                   |   612|
|6     |          \has_mux_a.A                       |blk_mem_gen_mux                            |   426|
|7     |          \ramloop[0].ram.r                  |blk_mem_gen_prim_width                     |     2|
|8     |            \prim_noinit.ram                 |blk_mem_gen_prim_wrapper                   |     2|
|9     |          \ramloop[100].ram.r                |blk_mem_gen_prim_width__parameterized99    |     1|
|10    |            \prim_noinit.ram                 |blk_mem_gen_prim_wrapper__parameterized99  |     1|
|11    |          \ramloop[101].ram.r                |blk_mem_gen_prim_width__parameterized100   |     1|
|12    |            \prim_noinit.ram                 |blk_mem_gen_prim_wrapper__parameterized100 |     1|
|13    |          \ramloop[102].ram.r                |blk_mem_gen_prim_width__parameterized101   |     1|
|14    |            \prim_noinit.ram                 |blk_mem_gen_prim_wrapper__parameterized101 |     1|
|15    |          \ramloop[103].ram.r                |blk_mem_gen_prim_width__parameterized102   |     1|
|16    |            \prim_noinit.ram                 |blk_mem_gen_prim_wrapper__parameterized102 |     1|
|17    |          \ramloop[104].ram.r                |blk_mem_gen_prim_width__parameterized103   |     1|
|18    |            \prim_noinit.ram                 |blk_mem_gen_prim_wrapper__parameterized103 |     1|
|19    |          \ramloop[105].ram.r                |blk_mem_gen_prim_width__parameterized104   |     1|
|20    |            \prim_noinit.ram                 |blk_mem_gen_prim_wrapper__parameterized104 |     1|
|21    |          \ramloop[106].ram.r                |blk_mem_gen_prim_width__parameterized105   |     1|
|22    |            \prim_noinit.ram                 |blk_mem_gen_prim_wrapper__parameterized105 |     1|
|23    |          \ramloop[107].ram.r                |blk_mem_gen_prim_width__parameterized106   |     1|
|24    |            \prim_noinit.ram                 |blk_mem_gen_prim_wrapper__parameterized106 |     1|
|25    |          \ramloop[108].ram.r                |blk_mem_gen_prim_width__parameterized107   |     1|
|26    |            \prim_noinit.ram                 |blk_mem_gen_prim_wrapper__parameterized107 |     1|
|27    |          \ramloop[109].ram.r                |blk_mem_gen_prim_width__parameterized108   |     1|
|28    |            \prim_noinit.ram                 |blk_mem_gen_prim_wrapper__parameterized108 |     1|
|29    |          \ramloop[10].ram.r                 |blk_mem_gen_prim_width__parameterized9     |     2|
|30    |            \prim_noinit.ram                 |blk_mem_gen_prim_wrapper__parameterized9   |     2|
|31    |          \ramloop[110].ram.r                |blk_mem_gen_prim_width__parameterized109   |     1|
|32    |            \prim_noinit.ram                 |blk_mem_gen_prim_wrapper__parameterized109 |     1|
|33    |          \ramloop[111].ram.r                |blk_mem_gen_prim_width__parameterized110   |     1|
|34    |            \prim_noinit.ram                 |blk_mem_gen_prim_wrapper__parameterized110 |     1|
|35    |          \ramloop[112].ram.r                |blk_mem_gen_prim_width__parameterized111   |     2|
|36    |            \prim_noinit.ram                 |blk_mem_gen_prim_wrapper__parameterized111 |     2|
|37    |          \ramloop[113].ram.r                |blk_mem_gen_prim_width__parameterized112   |     2|
|38    |            \prim_noinit.ram                 |blk_mem_gen_prim_wrapper__parameterized112 |     2|
|39    |          \ramloop[114].ram.r                |blk_mem_gen_prim_width__parameterized113   |     2|
|40    |            \prim_noinit.ram                 |blk_mem_gen_prim_wrapper__parameterized113 |     2|
|41    |          \ramloop[115].ram.r                |blk_mem_gen_prim_width__parameterized114   |     3|
|42    |            \prim_noinit.ram                 |blk_mem_gen_prim_wrapper__parameterized114 |     3|
|43    |          \ramloop[116].ram.r                |blk_mem_gen_prim_width__parameterized115   |     3|
|44    |            \prim_noinit.ram                 |blk_mem_gen_prim_wrapper__parameterized115 |     3|
|45    |          \ramloop[117].ram.r                |blk_mem_gen_prim_width__parameterized116   |     3|
|46    |            \prim_noinit.ram                 |blk_mem_gen_prim_wrapper__parameterized116 |     3|
|47    |          \ramloop[11].ram.r                 |blk_mem_gen_prim_width__parameterized10    |     2|
|48    |            \prim_noinit.ram                 |blk_mem_gen_prim_wrapper__parameterized10  |     2|
|49    |          \ramloop[12].ram.r                 |blk_mem_gen_prim_width__parameterized11    |     2|
|50    |            \prim_noinit.ram                 |blk_mem_gen_prim_wrapper__parameterized11  |     2|
|51    |          \ramloop[13].ram.r                 |blk_mem_gen_prim_width__parameterized12    |     2|
|52    |            \prim_noinit.ram                 |blk_mem_gen_prim_wrapper__parameterized12  |     2|
|53    |          \ramloop[14].ram.r                 |blk_mem_gen_prim_width__parameterized13    |     1|
|54    |            \prim_noinit.ram                 |blk_mem_gen_prim_wrapper__parameterized13  |     1|
|55    |          \ramloop[15].ram.r                 |blk_mem_gen_prim_width__parameterized14    |     2|
|56    |            \prim_noinit.ram                 |blk_mem_gen_prim_wrapper__parameterized14  |     2|
|57    |          \ramloop[16].ram.r                 |blk_mem_gen_prim_width__parameterized15    |     2|
|58    |            \prim_noinit.ram                 |blk_mem_gen_prim_wrapper__parameterized15  |     2|
|59    |          \ramloop[17].ram.r                 |blk_mem_gen_prim_width__parameterized16    |     1|
|60    |            \prim_noinit.ram                 |blk_mem_gen_prim_wrapper__parameterized16  |     1|
|61    |          \ramloop[18].ram.r                 |blk_mem_gen_prim_width__parameterized17    |     1|
|62    |            \prim_noinit.ram                 |blk_mem_gen_prim_wrapper__parameterized17  |     1|
|63    |          \ramloop[19].ram.r                 |blk_mem_gen_prim_width__parameterized18    |     2|
|64    |            \prim_noinit.ram                 |blk_mem_gen_prim_wrapper__parameterized18  |     2|
|65    |          \ramloop[1].ram.r                  |blk_mem_gen_prim_width__parameterized0     |     2|
|66    |            \prim_noinit.ram                 |blk_mem_gen_prim_wrapper__parameterized0   |     2|
|67    |          \ramloop[20].ram.r                 |blk_mem_gen_prim_width__parameterized19    |     2|
|68    |            \prim_noinit.ram                 |blk_mem_gen_prim_wrapper__parameterized19  |     2|
|69    |          \ramloop[21].ram.r                 |blk_mem_gen_prim_width__parameterized20    |     2|
|70    |            \prim_noinit.ram                 |blk_mem_gen_prim_wrapper__parameterized20  |     2|
|71    |          \ramloop[22].ram.r                 |blk_mem_gen_prim_width__parameterized21    |     2|
|72    |            \prim_noinit.ram                 |blk_mem_gen_prim_wrapper__parameterized21  |     2|
|73    |          \ramloop[23].ram.r                 |blk_mem_gen_prim_width__parameterized22    |     2|
|74    |            \prim_noinit.ram                 |blk_mem_gen_prim_wrapper__parameterized22  |     2|
|75    |          \ramloop[24].ram.r                 |blk_mem_gen_prim_width__parameterized23    |     2|
|76    |            \prim_noinit.ram                 |blk_mem_gen_prim_wrapper__parameterized23  |     2|
|77    |          \ramloop[25].ram.r                 |blk_mem_gen_prim_width__parameterized24    |     2|
|78    |            \prim_noinit.ram                 |blk_mem_gen_prim_wrapper__parameterized24  |     2|
|79    |          \ramloop[26].ram.r                 |blk_mem_gen_prim_width__parameterized25    |     2|
|80    |            \prim_noinit.ram                 |blk_mem_gen_prim_wrapper__parameterized25  |     2|
|81    |          \ramloop[27].ram.r                 |blk_mem_gen_prim_width__parameterized26    |     2|
|82    |            \prim_noinit.ram                 |blk_mem_gen_prim_wrapper__parameterized26  |     2|
|83    |          \ramloop[28].ram.r                 |blk_mem_gen_prim_width__parameterized27    |     2|
|84    |            \prim_noinit.ram                 |blk_mem_gen_prim_wrapper__parameterized27  |     2|
|85    |          \ramloop[29].ram.r                 |blk_mem_gen_prim_width__parameterized28    |     2|
|86    |            \prim_noinit.ram                 |blk_mem_gen_prim_wrapper__parameterized28  |     2|
|87    |          \ramloop[2].ram.r                  |blk_mem_gen_prim_width__parameterized1     |     1|
|88    |            \prim_noinit.ram                 |blk_mem_gen_prim_wrapper__parameterized1   |     1|
|89    |          \ramloop[30].ram.r                 |blk_mem_gen_prim_width__parameterized29    |     2|
|90    |            \prim_noinit.ram                 |blk_mem_gen_prim_wrapper__parameterized29  |     2|
|91    |          \ramloop[31].ram.r                 |blk_mem_gen_prim_width__parameterized30    |     2|
|92    |            \prim_noinit.ram                 |blk_mem_gen_prim_wrapper__parameterized30  |     2|
|93    |          \ramloop[32].ram.r                 |blk_mem_gen_prim_width__parameterized31    |     2|
|94    |            \prim_noinit.ram                 |blk_mem_gen_prim_wrapper__parameterized31  |     2|
|95    |          \ramloop[33].ram.r                 |blk_mem_gen_prim_width__parameterized32    |     2|
|96    |            \prim_noinit.ram                 |blk_mem_gen_prim_wrapper__parameterized32  |     2|
|97    |          \ramloop[34].ram.r                 |blk_mem_gen_prim_width__parameterized33    |     2|
|98    |            \prim_noinit.ram                 |blk_mem_gen_prim_wrapper__parameterized33  |     2|
|99    |          \ramloop[35].ram.r                 |blk_mem_gen_prim_width__parameterized34    |     2|
|100   |            \prim_noinit.ram                 |blk_mem_gen_prim_wrapper__parameterized34  |     2|
|101   |          \ramloop[36].ram.r                 |blk_mem_gen_prim_width__parameterized35    |     2|
|102   |            \prim_noinit.ram                 |blk_mem_gen_prim_wrapper__parameterized35  |     2|
|103   |          \ramloop[37].ram.r                 |blk_mem_gen_prim_width__parameterized36    |     2|
|104   |            \prim_noinit.ram                 |blk_mem_gen_prim_wrapper__parameterized36  |     2|
|105   |          \ramloop[38].ram.r                 |blk_mem_gen_prim_width__parameterized37    |     2|
|106   |            \prim_noinit.ram                 |blk_mem_gen_prim_wrapper__parameterized37  |     2|
|107   |          \ramloop[39].ram.r                 |blk_mem_gen_prim_width__parameterized38    |     2|
|108   |            \prim_noinit.ram                 |blk_mem_gen_prim_wrapper__parameterized38  |     2|
|109   |          \ramloop[3].ram.r                  |blk_mem_gen_prim_width__parameterized2     |     1|
|110   |            \prim_noinit.ram                 |blk_mem_gen_prim_wrapper__parameterized2   |     1|
|111   |          \ramloop[40].ram.r                 |blk_mem_gen_prim_width__parameterized39    |     2|
|112   |            \prim_noinit.ram                 |blk_mem_gen_prim_wrapper__parameterized39  |     2|
|113   |          \ramloop[41].ram.r                 |blk_mem_gen_prim_width__parameterized40    |     2|
|114   |            \prim_noinit.ram                 |blk_mem_gen_prim_wrapper__parameterized40  |     2|
|115   |          \ramloop[42].ram.r                 |blk_mem_gen_prim_width__parameterized41    |     2|
|116   |            \prim_noinit.ram                 |blk_mem_gen_prim_wrapper__parameterized41  |     2|
|117   |          \ramloop[43].ram.r                 |blk_mem_gen_prim_width__parameterized42    |     2|
|118   |            \prim_noinit.ram                 |blk_mem_gen_prim_wrapper__parameterized42  |     2|
|119   |          \ramloop[44].ram.r                 |blk_mem_gen_prim_width__parameterized43    |     2|
|120   |            \prim_noinit.ram                 |blk_mem_gen_prim_wrapper__parameterized43  |     2|
|121   |          \ramloop[45].ram.r                 |blk_mem_gen_prim_width__parameterized44    |     2|
|122   |            \prim_noinit.ram                 |blk_mem_gen_prim_wrapper__parameterized44  |     2|
|123   |          \ramloop[46].ram.r                 |blk_mem_gen_prim_width__parameterized45    |     2|
|124   |            \prim_noinit.ram                 |blk_mem_gen_prim_wrapper__parameterized45  |     2|
|125   |          \ramloop[47].ram.r                 |blk_mem_gen_prim_width__parameterized46    |     2|
|126   |            \prim_noinit.ram                 |blk_mem_gen_prim_wrapper__parameterized46  |     2|
|127   |          \ramloop[48].ram.r                 |blk_mem_gen_prim_width__parameterized47    |     2|
|128   |            \prim_noinit.ram                 |blk_mem_gen_prim_wrapper__parameterized47  |     2|
|129   |          \ramloop[49].ram.r                 |blk_mem_gen_prim_width__parameterized48    |     2|
|130   |            \prim_noinit.ram                 |blk_mem_gen_prim_wrapper__parameterized48  |     2|
|131   |          \ramloop[4].ram.r                  |blk_mem_gen_prim_width__parameterized3     |     2|
|132   |            \prim_noinit.ram                 |blk_mem_gen_prim_wrapper__parameterized3   |     2|
|133   |          \ramloop[50].ram.r                 |blk_mem_gen_prim_width__parameterized49    |     2|
|134   |            \prim_noinit.ram                 |blk_mem_gen_prim_wrapper__parameterized49  |     2|
|135   |          \ramloop[51].ram.r                 |blk_mem_gen_prim_width__parameterized50    |     2|
|136   |            \prim_noinit.ram                 |blk_mem_gen_prim_wrapper__parameterized50  |     2|
|137   |          \ramloop[52].ram.r                 |blk_mem_gen_prim_width__parameterized51    |     2|
|138   |            \prim_noinit.ram                 |blk_mem_gen_prim_wrapper__parameterized51  |     2|
|139   |          \ramloop[53].ram.r                 |blk_mem_gen_prim_width__parameterized52    |     2|
|140   |            \prim_noinit.ram                 |blk_mem_gen_prim_wrapper__parameterized52  |     2|
|141   |          \ramloop[54].ram.r                 |blk_mem_gen_prim_width__parameterized53    |     2|
|142   |            \prim_noinit.ram                 |blk_mem_gen_prim_wrapper__parameterized53  |     2|
|143   |          \ramloop[55].ram.r                 |blk_mem_gen_prim_width__parameterized54    |     2|
|144   |            \prim_noinit.ram                 |blk_mem_gen_prim_wrapper__parameterized54  |     2|
|145   |          \ramloop[56].ram.r                 |blk_mem_gen_prim_width__parameterized55    |     2|
|146   |            \prim_noinit.ram                 |blk_mem_gen_prim_wrapper__parameterized55  |     2|
|147   |          \ramloop[57].ram.r                 |blk_mem_gen_prim_width__parameterized56    |     2|
|148   |            \prim_noinit.ram                 |blk_mem_gen_prim_wrapper__parameterized56  |     2|
|149   |          \ramloop[58].ram.r                 |blk_mem_gen_prim_width__parameterized57    |     2|
|150   |            \prim_noinit.ram                 |blk_mem_gen_prim_wrapper__parameterized57  |     2|
|151   |          \ramloop[59].ram.r                 |blk_mem_gen_prim_width__parameterized58    |     2|
|152   |            \prim_noinit.ram                 |blk_mem_gen_prim_wrapper__parameterized58  |     2|
|153   |          \ramloop[5].ram.r                  |blk_mem_gen_prim_width__parameterized4     |     1|
|154   |            \prim_noinit.ram                 |blk_mem_gen_prim_wrapper__parameterized4   |     1|
|155   |          \ramloop[60].ram.r                 |blk_mem_gen_prim_width__parameterized59    |     2|
|156   |            \prim_noinit.ram                 |blk_mem_gen_prim_wrapper__parameterized59  |     2|
|157   |          \ramloop[61].ram.r                 |blk_mem_gen_prim_width__parameterized60    |     2|
|158   |            \prim_noinit.ram                 |blk_mem_gen_prim_wrapper__parameterized60  |     2|
|159   |          \ramloop[62].ram.r                 |blk_mem_gen_prim_width__parameterized61    |     2|
|160   |            \prim_noinit.ram                 |blk_mem_gen_prim_wrapper__parameterized61  |     2|
|161   |          \ramloop[63].ram.r                 |blk_mem_gen_prim_width__parameterized62    |     2|
|162   |            \prim_noinit.ram                 |blk_mem_gen_prim_wrapper__parameterized62  |     2|
|163   |          \ramloop[64].ram.r                 |blk_mem_gen_prim_width__parameterized63    |     2|
|164   |            \prim_noinit.ram                 |blk_mem_gen_prim_wrapper__parameterized63  |     2|
|165   |          \ramloop[65].ram.r                 |blk_mem_gen_prim_width__parameterized64    |     3|
|166   |            \prim_noinit.ram                 |blk_mem_gen_prim_wrapper__parameterized64  |     3|
|167   |          \ramloop[66].ram.r                 |blk_mem_gen_prim_width__parameterized65    |     1|
|168   |            \prim_noinit.ram                 |blk_mem_gen_prim_wrapper__parameterized65  |     1|
|169   |          \ramloop[67].ram.r                 |blk_mem_gen_prim_width__parameterized66    |     1|
|170   |            \prim_noinit.ram                 |blk_mem_gen_prim_wrapper__parameterized66  |     1|
|171   |          \ramloop[68].ram.r                 |blk_mem_gen_prim_width__parameterized67    |     1|
|172   |            \prim_noinit.ram                 |blk_mem_gen_prim_wrapper__parameterized67  |     1|
|173   |          \ramloop[69].ram.r                 |blk_mem_gen_prim_width__parameterized68    |     1|
|174   |            \prim_noinit.ram                 |blk_mem_gen_prim_wrapper__parameterized68  |     1|
|175   |          \ramloop[6].ram.r                  |blk_mem_gen_prim_width__parameterized5     |     2|
|176   |            \prim_noinit.ram                 |blk_mem_gen_prim_wrapper__parameterized5   |     2|
|177   |          \ramloop[70].ram.r                 |blk_mem_gen_prim_width__parameterized69    |     1|
|178   |            \prim_noinit.ram                 |blk_mem_gen_prim_wrapper__parameterized69  |     1|
|179   |          \ramloop[71].ram.r                 |blk_mem_gen_prim_width__parameterized70    |     1|
|180   |            \prim_noinit.ram                 |blk_mem_gen_prim_wrapper__parameterized70  |     1|
|181   |          \ramloop[72].ram.r                 |blk_mem_gen_prim_width__parameterized71    |     1|
|182   |            \prim_noinit.ram                 |blk_mem_gen_prim_wrapper__parameterized71  |     1|
|183   |          \ramloop[73].ram.r                 |blk_mem_gen_prim_width__parameterized72    |     1|
|184   |            \prim_noinit.ram                 |blk_mem_gen_prim_wrapper__parameterized72  |     1|
|185   |          \ramloop[74].ram.r                 |blk_mem_gen_prim_width__parameterized73    |     1|
|186   |            \prim_noinit.ram                 |blk_mem_gen_prim_wrapper__parameterized73  |     1|
|187   |          \ramloop[75].ram.r                 |blk_mem_gen_prim_width__parameterized74    |     1|
|188   |            \prim_noinit.ram                 |blk_mem_gen_prim_wrapper__parameterized74  |     1|
|189   |          \ramloop[76].ram.r                 |blk_mem_gen_prim_width__parameterized75    |     1|
|190   |            \prim_noinit.ram                 |blk_mem_gen_prim_wrapper__parameterized75  |     1|
|191   |          \ramloop[77].ram.r                 |blk_mem_gen_prim_width__parameterized76    |     1|
|192   |            \prim_noinit.ram                 |blk_mem_gen_prim_wrapper__parameterized76  |     1|
|193   |          \ramloop[78].ram.r                 |blk_mem_gen_prim_width__parameterized77    |     1|
|194   |            \prim_noinit.ram                 |blk_mem_gen_prim_wrapper__parameterized77  |     1|
|195   |          \ramloop[79].ram.r                 |blk_mem_gen_prim_width__parameterized78    |     1|
|196   |            \prim_noinit.ram                 |blk_mem_gen_prim_wrapper__parameterized78  |     1|
|197   |          \ramloop[7].ram.r                  |blk_mem_gen_prim_width__parameterized6     |     2|
|198   |            \prim_noinit.ram                 |blk_mem_gen_prim_wrapper__parameterized6   |     2|
|199   |          \ramloop[80].ram.r                 |blk_mem_gen_prim_width__parameterized79    |     1|
|200   |            \prim_noinit.ram                 |blk_mem_gen_prim_wrapper__parameterized79  |     1|
|201   |          \ramloop[81].ram.r                 |blk_mem_gen_prim_width__parameterized80    |     1|
|202   |            \prim_noinit.ram                 |blk_mem_gen_prim_wrapper__parameterized80  |     1|
|203   |          \ramloop[82].ram.r                 |blk_mem_gen_prim_width__parameterized81    |     1|
|204   |            \prim_noinit.ram                 |blk_mem_gen_prim_wrapper__parameterized81  |     1|
|205   |          \ramloop[83].ram.r                 |blk_mem_gen_prim_width__parameterized82    |     1|
|206   |            \prim_noinit.ram                 |blk_mem_gen_prim_wrapper__parameterized82  |     1|
|207   |          \ramloop[84].ram.r                 |blk_mem_gen_prim_width__parameterized83    |     1|
|208   |            \prim_noinit.ram                 |blk_mem_gen_prim_wrapper__parameterized83  |     1|
|209   |          \ramloop[85].ram.r                 |blk_mem_gen_prim_width__parameterized84    |     1|
|210   |            \prim_noinit.ram                 |blk_mem_gen_prim_wrapper__parameterized84  |     1|
|211   |          \ramloop[86].ram.r                 |blk_mem_gen_prim_width__parameterized85    |     1|
|212   |            \prim_noinit.ram                 |blk_mem_gen_prim_wrapper__parameterized85  |     1|
|213   |          \ramloop[87].ram.r                 |blk_mem_gen_prim_width__parameterized86    |     1|
|214   |            \prim_noinit.ram                 |blk_mem_gen_prim_wrapper__parameterized86  |     1|
|215   |          \ramloop[88].ram.r                 |blk_mem_gen_prim_width__parameterized87    |     1|
|216   |            \prim_noinit.ram                 |blk_mem_gen_prim_wrapper__parameterized87  |     1|
|217   |          \ramloop[89].ram.r                 |blk_mem_gen_prim_width__parameterized88    |     1|
|218   |            \prim_noinit.ram                 |blk_mem_gen_prim_wrapper__parameterized88  |     1|
|219   |          \ramloop[8].ram.r                  |blk_mem_gen_prim_width__parameterized7     |     1|
|220   |            \prim_noinit.ram                 |blk_mem_gen_prim_wrapper__parameterized7   |     1|
|221   |          \ramloop[90].ram.r                 |blk_mem_gen_prim_width__parameterized89    |     1|
|222   |            \prim_noinit.ram                 |blk_mem_gen_prim_wrapper__parameterized89  |     1|
|223   |          \ramloop[91].ram.r                 |blk_mem_gen_prim_width__parameterized90    |     1|
|224   |            \prim_noinit.ram                 |blk_mem_gen_prim_wrapper__parameterized90  |     1|
|225   |          \ramloop[92].ram.r                 |blk_mem_gen_prim_width__parameterized91    |     1|
|226   |            \prim_noinit.ram                 |blk_mem_gen_prim_wrapper__parameterized91  |     1|
|227   |          \ramloop[93].ram.r                 |blk_mem_gen_prim_width__parameterized92    |     1|
|228   |            \prim_noinit.ram                 |blk_mem_gen_prim_wrapper__parameterized92  |     1|
|229   |          \ramloop[94].ram.r                 |blk_mem_gen_prim_width__parameterized93    |     1|
|230   |            \prim_noinit.ram                 |blk_mem_gen_prim_wrapper__parameterized93  |     1|
|231   |          \ramloop[95].ram.r                 |blk_mem_gen_prim_width__parameterized94    |     1|
|232   |            \prim_noinit.ram                 |blk_mem_gen_prim_wrapper__parameterized94  |     1|
|233   |          \ramloop[96].ram.r                 |blk_mem_gen_prim_width__parameterized95    |     1|
|234   |            \prim_noinit.ram                 |blk_mem_gen_prim_wrapper__parameterized95  |     1|
|235   |          \ramloop[97].ram.r                 |blk_mem_gen_prim_width__parameterized96    |     1|
|236   |            \prim_noinit.ram                 |blk_mem_gen_prim_wrapper__parameterized96  |     1|
|237   |          \ramloop[98].ram.r                 |blk_mem_gen_prim_width__parameterized97    |     1|
|238   |            \prim_noinit.ram                 |blk_mem_gen_prim_wrapper__parameterized97  |     1|
|239   |          \ramloop[99].ram.r                 |blk_mem_gen_prim_width__parameterized98    |     1|
|240   |            \prim_noinit.ram                 |blk_mem_gen_prim_wrapper__parameterized98  |     1|
|241   |          \ramloop[9].ram.r                  |blk_mem_gen_prim_width__parameterized8     |     1|
|242   |            \prim_noinit.ram                 |blk_mem_gen_prim_wrapper__parameterized8   |     1|
+------+---------------------------------------------+-------------------------------------------+------+
---------------------------------------------------------------------------------
Finished Writing Synthesis Report : Time (s): cpu = 00:02:01 ; elapsed = 00:02:06 . Memory (MB): peak = 914.926 ; gain = 619.582
---------------------------------------------------------------------------------
Synthesis finished with 0 errors, 0 critical warnings and 233 warnings.
Synthesis Optimization Runtime : Time (s): cpu = 00:00:10 ; elapsed = 00:02:00 . Memory (MB): peak = 914.926 ; gain = 593.535
Synthesis Optimization Complete : Time (s): cpu = 00:02:01 ; elapsed = 00:02:06 . Memory (MB): peak = 914.926 ; gain = 619.582
INFO: [Project 1-571] Translating synthesized netlist
INFO: [Netlist 29-17] Analyzing 294 Unisim elements for replacement
INFO: [Netlist 29-28] Unisim Transformation completed in 0 CPU seconds
INFO: [Project 1-570] Preparing netlist for logic optimization
INFO: [Opt 31-138] Pushed 0 inverter(s) to 0 load pin(s).
INFO: [Project 1-111] Unisim Transformation Summary:
No Unisim elements were transformed.

INFO: [Common 17-83] Releasing license: Synthesis
24 Infos, 100 Warnings, 0 Critical Warnings and 0 Errors encountered.
synth_design completed successfully
synth_design: Time (s): cpu = 00:02:03 ; elapsed = 00:02:08 . Memory (MB): peak = 914.926 ; gain = 628.664
WARNING: [Constraints 18-5210] No constraint will be written out.
INFO: [Common 17-1381] The checkpoint 'C:/Users/abgae1/Downloads/ZYBO_HDMI_MGA_2018_2/project_1/project_1.runs/HDMI_bd_blk_mem_gen_0_0_synth_1/HDMI_bd_blk_mem_gen_0_0.dcp' has been generated.
